<?xml version="1.0" encoding="utf-8"?><testsuites name="pytest tests"><testsuite name="pytest" errors="0" failures="0" skipped="0" tests="21" time="10.845" timestamp="2026-03-19T03:18:22.657248+00:00" hostname="agent-env-9a326758-c989-4cfd-904b-612147bb928f"><testcase classname="backend.tests.test_badge_awarding.TestBadgeAwardingSetup" name="test_api_accessible" time="0.190" /><testcase classname="backend.tests.test_badge_awarding.TestBadgeAwardingSetup" name="test_admin_login" time="0.380" /><testcase classname="backend.tests.test_badge_awarding.TestBadgeAwardingSetup" name="test_point_actions_endpoint" time="0.190" /><testcase classname="backend.tests.test_badge_awarding.TestBadgeAwarding" name="test_first_song_badge_after_1_song" time="0.900" /><testcase classname="backend.tests.test_badge_awarding.TestBadgeAwarding" name="test_five_songs_badge_after_5_songs" time="0.714" /><testcase classname="backend.tests.test_badge_awarding.TestBadgeAwarding" name="test_blindfolded_master_badge" time="0.152" /><testcase classname="backend.tests.test_badge_awarding.TestBadgeAwarding" name="test_random_warrior_badge" time="0.149" /><testcase classname="backend.tests.test_badge_awarding.TestBadgeAwarding" name="test_bar_song_hero_badge" time="0.147" /><testcase classname="backend.tests.test_badge_awarding.TestBadgeAwarding" name="test_duet_singer_badge_after_1_duet" time="0.154" /><testcase classname="backend.tests.test_badge_awarding.TestBadgeAwarding" name="test_influencer_badge" time="0.158" /><testcase classname="backend.tests.test_badge_awarding.TestBadgeAwarding" name="test_super_fan_badge_after_following_both" time="0.338" /><testcase classname="backend.tests.test_badge_awarding.TestBadgeAwarding" name="test_generous_tipper_badge_after_1_tip" time="0.199" /><testcase classname="backend.tests.test_badge_awarding.TestBadgeAwarding" name="test_benevolent_tipper_badge_after_1_bartender_tip" time="0.138" /><testcase classname="backend.tests.test_badge_awarding.TestBadgeAwarding" name="test_night_owl_badge_after_three_nights" time="0.381" /><testcase classname="backend.tests.test_badge_awarding.TestBadgeVerification" name="test_badges_appear_on_user_profile" time="1.378" /><testcase classname="backend.tests.test_badge_awarding.TestBadgeVerification" name="test_accomplishments_recorded_in_database" time="0.147" /><testcase classname="backend.tests.test_badge_awarding.TestBadgeEdgeCases" name="test_badge_not_awarded_twice" time="1.208" /><testcase classname="backend.tests.test_badge_awarding.TestBadgeEdgeCases" name="test_invalid_action_id_rejected" time="0.271" /><testcase classname="backend.tests.test_badge_awarding.TestBadgeEdgeCases" name="test_nonexistent_user_rejected" time="0.146" /><testcase classname="backend.tests.test_badge_awarding.TestBadgeEdgeCases" name="test_requires_admin_auth" time="0.515" /><testcase classname="backend.tests.test_badge_awarding.TestCleanup" name="test_cleanup_test_users" time="2.900" /></testsuite></testsuites>