<?xml version="1.0" encoding="utf-8"?><testsuites name="pytest tests"><testsuite name="pytest" errors="0" failures="0" skipped="0" tests="19" time="8.125" timestamp="2026-03-12T04:01:32.265485+00:00" hostname="agent-env-ce1b5da6-3083-4636-95f7-c0dba5a8ea2c"><testcase classname="tests.test_king_klub_battles.TestAuthEndpoints" name="test_api_root_accessible" time="0.137" /><testcase classname="tests.test_king_klub_battles.TestAuthEndpoints" name="test_user_login_success" time="0.350" /><testcase classname="tests.test_king_klub_battles.TestAuthEndpoints" name="test_admin_login_success" time="0.345" /><testcase classname="tests.test_king_klub_battles.TestAuthEndpoints" name="test_login_invalid_credentials" time="0.150" /><testcase classname="tests.test_king_klub_battles.TestAuthEndpoints" name="test_auth_me_with_valid_token" time="0.450" /><testcase classname="tests.test_king_klub_battles.TestLeaderboard" name="test_leaderboard_accessible" time="0.130" /><testcase classname="tests.test_king_klub_battles.TestChallengeTypes" name="test_challenge_types_accessible" time="0.108" /><testcase classname="tests.test_king_klub_battles.TestBattleChallengeSystem" name="test_get_active_challenges" time="0.474" /><testcase classname="tests.test_king_klub_battles.TestBattleChallengeSystem" name="test_get_my_challenges" time="0.461" /><testcase classname="tests.test_king_klub_battles.TestBattleChallengeSystem" name="test_create_challenge" time="0.774" /><testcase classname="tests.test_king_klub_battles.TestBattleChallengeSystem" name="test_accept_challenge" time="0.991" /><testcase classname="tests.test_king_klub_battles.TestVotingSystem" name="test_get_voting_open_status" time="0.109" /><testcase classname="tests.test_king_klub_battles.TestVotingSystem" name="test_open_voting_admin" time="0.592" /><testcase classname="tests.test_king_klub_battles.TestVotingSystem" name="test_close_voting_admin" time="0.620" /><testcase classname="tests.test_king_klub_battles.TestVotingSystem" name="test_vote_endpoint" time="0.798" /><testcase classname="tests.test_king_klub_battles.TestQRCheckin" name="test_get_qr_data_admin" time="0.440" /><testcase classname="tests.test_king_klub_battles.TestQRCheckin" name="test_qr_data_requires_admin" time="0.445" /><testcase classname="tests.test_king_klub_battles.TestFinalizeChallenge" name="test_finalize_challenge_admin" time="0.474" /><testcase classname="tests.test_king_klub_battles.TestWebSocketEndpoint" name="test_websocket_endpoint_exists" time="0.111" /></testsuite></testsuites>