<?xml version="1.0" encoding="utf-8"?><testsuites name="pytest tests"><testsuite name="pytest" errors="0" failures="0" skipped="0" tests="14" time="15.684" timestamp="2026-03-17T04:46:56.787374+00:00" hostname="agent-env-17f4164b-5aa5-4fce-a767-f416fa32d369"><testcase classname="backend.tests.test_queue_song_limit.TestCheckinRequired" name="test_queue_status_without_checkin" time="0.529" /><testcase classname="backend.tests.test_queue_song_limit.TestCheckinRequired" name="test_add_song_without_checkin_fails" time="0.477" /><testcase classname="backend.tests.test_queue_song_limit.TestCheckinFlow" name="test_valid_checkin" time="0.968" /><testcase classname="backend.tests.test_queue_song_limit.TestCheckinFlow" name="test_duplicate_checkin_blocked" time="1.163" /><testcase classname="backend.tests.test_queue_song_limit.TestCheckinFlow" name="test_invalid_venue_code_rejected" time="0.483" /><testcase classname="backend.tests.test_queue_song_limit.TestSongLimitEnforcement" name="test_add_first_song_success" time="1.095" /><testcase classname="backend.tests.test_queue_song_limit.TestSongLimitEnforcement" name="test_add_five_songs_exhausts_limit" time="1.907" /><testcase classname="backend.tests.test_queue_song_limit.TestSongLimitEnforcement" name="test_sixth_song_blocked" time="1.843" /><testcase classname="backend.tests.test_queue_song_limit.TestQueueStatusEndpoint" name="test_queue_status_after_checkin" time="1.084" /><testcase classname="backend.tests.test_queue_song_limit.TestQueueStatusEndpoint" name="test_queue_status_after_adding_songs" time="1.492" /><testcase classname="backend.tests.test_queue_song_limit.TestQueueStatusEndpoint" name="test_queue_status_shows_limit_reason" time="1.748" /><testcase classname="backend.tests.test_queue_song_limit.TestMessageToAdmin" name="test_add_song_with_message" time="1.180" /><testcase classname="backend.tests.test_queue_song_limit.TestMessageToAdmin" name="test_message_truncated_at_250_chars" time="1.105" /><testcase classname="backend.tests.test_queue_song_limit.TestExistingUserWithCheckin" name="test_existing_user_royaltest_status" time="0.479" /></testsuite></testsuites>