<?xml version="1.0" encoding="utf-8"?><testsuites name="pytest tests"><testsuite name="pytest" errors="0" failures="0" skipped="1" tests="14" time="7.451" timestamp="2026-03-19T02:47:30.421023+00:00" hostname="agent-env-9a326758-c989-4cfd-904b-612147bb928f"><testcase classname="backend.tests.test_websocket_notifications.TestWebSocketBasics" name="test_websocket_endpoint_exists" time="0.117" /><testcase classname="backend.tests.test_websocket_notifications.TestWebSocketBasics" name="test_websocket_connection" time="0.227" /><testcase classname="backend.tests.test_websocket_notifications.TestWebSocketBasics" name="test_websocket_receives_broadcast" time="0.194" /><testcase classname="backend.tests.test_websocket_notifications.TestAuthAndUsers" name="test_admin_login" time="0.344" /><testcase classname="backend.tests.test_websocket_notifications.TestAuthAndUsers" name="test_user_login_royal" time="0.323" /><testcase classname="backend.tests.test_websocket_notifications.TestAuthAndUsers" name="test_user_login_kota" time="0.360" /><testcase classname="backend.tests.test_websocket_notifications.TestChallengesEndpoint" name="test_get_challenges_list_requires_auth" time="0.115" /><testcase classname="backend.tests.test_websocket_notifications.TestChallengesEndpoint" name="test_get_challenges_list" time="0.446" /><testcase classname="backend.tests.test_websocket_notifications.TestChallengesEndpoint" name="test_get_my_challenges" time="0.471" /><testcase classname="backend.tests.test_websocket_notifications.TestBattleChallengeNotification" name="test_cannot_challenge_self" time="1.115" /><testcase classname="backend.tests.test_websocket_notifications.TestBattleChallengeNotification" name="test_check_existing_challenges_between_users" time="1.156" /><testcase classname="backend.tests.test_websocket_notifications.TestBattleChallengeNotification" name="test_challenge_creates_websocket_broadcast" time="1.125"><skipped type="pytest.skip" message="Active challenge exists between test users - cannot create new one">/app/backend/tests/test_websocket_notifications.py:280: Active challenge exists between test users - cannot create new one</skipped></testcase><testcase classname="backend.tests.test_websocket_notifications.TestWebSocketWithMultipleClients" name="test_multiple_clients_connect" time="0.631" /><testcase classname="backend.tests.test_websocket_notifications.TestIntegrationBattleFlow" name="test_challenge_api_response_structure" time="0.767" /></testsuite></testsuites>